<?xml version="1.0" encoding="UTF-8"?>
<coverage generated="1728295432909" clover="3.2.0">
  <project timestamp="1728295432909" name="All files">
    <metrics statements="64" coveredstatements="61" conditionals="26" coveredconditionals="22" methods="26" coveredmethods="25" elements="116" coveredelements="108" complexity="0" loc="64" ncloc="64" packages="2" files="7" classes="7"/>
    <package name="Redux">
      <metrics statements="1" coveredstatements="1" conditionals="0" coveredconditionals="0" methods="0" coveredmethods="0"/>
      <file name="appStore.js" path="C:\Users\ADMIN\Desktop\namaste-react\src\Redux\appStore.js">
        <metrics statements="1" coveredstatements="1" conditionals="0" coveredconditionals="0" methods="0" coveredmethods="0"/>
        <line num="4" count="2" type="stmt"/>
      </file>
    </package>
    <package name="components">
      <metrics statements="63" coveredstatements="60" conditionals="26" coveredconditionals="22" methods="26" coveredmethods="25"/>
      <file name="Body.js" path="C:\Users\ADMIN\Desktop\namaste-react\src\components\Body.js">
        <metrics statements="19" coveredstatements="17" conditionals="6" coveredconditionals="5" methods="8" coveredmethods="7"/>
        <line num="9" count="1" type="stmt"/>
        <line num="11" count="7" type="stmt"/>
        <line num="12" count="7" type="stmt"/>
        <line num="13" count="7" type="stmt"/>
        <line num="15" count="7" type="stmt"/>
        <line num="17" count="7" type="stmt"/>
        <line num="20" count="7" type="stmt"/>
        <line num="22" count="7" type="cond" truecount="1" falsecount="1"/>
        <line num="23" count="0" type="stmt"/>
        <line num="29" count="7" type="cond" truecount="2" falsecount="0"/>
        <line num="41" count="1" type="stmt"/>
        <line num="47" count="1" type="stmt"/>
        <line num="48" count="20" type="stmt"/>
        <line num="50" count="1" type="stmt"/>
        <line num="62" count="0" type="stmt"/>
        <line num="70" count="1" type="stmt"/>
        <line num="71" count="20" type="stmt"/>
        <line num="73" count="1" type="stmt"/>
        <line num="82" count="66" type="stmt"/>
      </file>
      <file name="Cart.js" path="C:\Users\ADMIN\Desktop\namaste-react\src\components\Cart.js">
        <metrics statements="7" coveredstatements="7" conditionals="2" coveredconditionals="2" methods="3" coveredmethods="3"/>
        <line num="5" count="1" type="stmt"/>
        <line num="6" count="8" type="stmt"/>
        <line num="7" count="4" type="stmt"/>
        <line num="8" count="4" type="stmt"/>
        <line num="9" count="4" type="stmt"/>
        <line num="10" count="1" type="stmt"/>
        <line num="13" count="4" type="stmt"/>
      </file>
      <file name="Header.js" path="C:\Users\ADMIN\Desktop\namaste-react\src\components\Header.js">
        <metrics statements="7" coveredstatements="7" conditionals="6" coveredconditionals="4" methods="3" coveredmethods="3"/>
        <line num="8" count="2" type="stmt"/>
        <line num="9" count="9" type="stmt"/>
        <line num="10" count="9" type="stmt"/>
        <line num="13" count="9" type="stmt"/>
        <line num="17" count="17" type="stmt"/>
        <line num="20" count="9" type="stmt"/>
        <line num="43" count="1" type="cond" truecount="1" falsecount="1"/>
      </file>
      <file name="MenuItemsList.js" path="C:\Users\ADMIN\Desktop\namaste-react\src\components\MenuItemsList.js">
        <metrics statements="7" coveredstatements="7" conditionals="6" coveredconditionals="6" methods="4" coveredmethods="4"/>
        <line num="6" count="1" type="stmt"/>
        <line num="8" count="9" type="stmt"/>
        <line num="10" count="9" type="stmt"/>
        <line num="12" count="2" type="stmt"/>
        <line num="16" count="9" type="stmt"/>
        <line num="19" count="31" type="stmt"/>
        <line num="55" count="2" type="stmt"/>
      </file>
      <file name="RestaurantCards.js" path="C:\Users\ADMIN\Desktop\namaste-react\src\components\RestaurantCards.js">
        <metrics statements="7" coveredstatements="7" conditionals="0" coveredconditionals="0" methods="3" coveredmethods="3"/>
        <line num="3" count="2" type="stmt"/>
        <line num="5" count="68" type="stmt"/>
        <line num="8" count="68" type="stmt"/>
        <line num="11" count="68" type="stmt"/>
        <line num="33" count="2" type="stmt"/>
        <line num="34" count="8" type="stmt"/>
        <line num="35" count="31" type="stmt"/>
      </file>
      <file name="RestaurantMenu.js" path="C:\Users\ADMIN\Desktop\namaste-react\src\components\RestaurantMenu.js">
        <metrics statements="16" coveredstatements="15" conditionals="6" coveredconditionals="5" methods="5" coveredmethods="5"/>
        <line num="9" count="1" type="stmt"/>
        <line num="11" count="8" type="stmt"/>
        <line num="14" count="8" type="stmt"/>
        <line num="16" count="8" type="stmt"/>
        <line num="19" count="8" type="stmt"/>
        <line num="20" count="2" type="cond" truecount="1" falsecount="1"/>
        <line num="21" count="0" type="stmt"/>
        <line num="23" count="2" type="stmt"/>
        <line num="26" count="8" type="cond" truecount="2" falsecount="0"/>
        <line num="28" count="5" type="stmt"/>
        <line num="30" count="5" type="stmt"/>
        <line num="37" count="5" type="stmt"/>
        <line num="39" count="65" type="stmt"/>
        <line num="45" count="5" type="stmt"/>
        <line num="52" count="35" type="stmt"/>
        <line num="57" count="2" type="stmt"/>
      </file>
    </package>
  </project>
</coverage>
