{"C:\\Users\\ADMIN\\Desktop\\namaste-react\\src\\Redux\\appStore.js": {"path":"C:\\Users\\ADMIN\\Desktop\\namaste-react\\src\\Redux\\appStore.js","statementMap":{"0":{"start":{"line":4,"column":17},"end":{"line":8,"column":2}}},"fnMap":{},"branchMap":{},"s":{"0":2},"f":{},"b":{},"_coverageSchema":"1a1c01bbd47fc00a2c39e90264f33305004495a9","hash":"7a7ea3f534da0ccc3cebc5a8beb48652e52583be"}
,"C:\\Users\\ADMIN\\Desktop\\namaste-react\\src\\components\\Body.js": {"path":"C:\\Users\\ADMIN\\Desktop\\namaste-react\\src\\components\\Body.js","statementMap":{"0":{"start":{"line":9,"column":20},"end":{"line":94,"column":1}},"1":{"start":{"line":11,"column":20},"end":{"line":11,"column":39}},"2":{"start":{"line":12,"column":54},"end":{"line":12,"column":73}},"3":{"start":{"line":13,"column":38},"end":{"line":13,"column":50}},"4":{"start":{"line":15,"column":38},"end":{"line":15,"column":76}},"5":{"start":{"line":17,"column":23},"end":{"line":17,"column":40}},"6":{"start":{"line":20,"column":40},"end":{"line":20,"column":63}},"7":{"start":{"line":22,"column":2},"end":{"line":26,"column":3}},"8":{"start":{"line":23,"column":4},"end":{"line":25,"column":6}},"9":{"start":{"line":29,"column":2},"end":{"line":93,"column":4}},"10":{"start":{"line":41,"column":14},"end":{"line":41,"column":44}},"11":{"start":{"line":47,"column":34},"end":{"line":49,"column":15}},"12":{"start":{"line":48,"column":16},"end":{"line":48,"column":78}},"13":{"start":{"line":50,"column":14},"end":{"line":50,"column":49}},"14":{"start":{"line":62,"column":14},"end":{"line":62,"column":42}},"15":{"start":{"line":70,"column":34},"end":{"line":72,"column":15}},"16":{"start":{"line":71,"column":25},"end":{"line":71,"column":49}},"17":{"start":{"line":73,"column":14},"end":{"line":73,"column":51}},"18":{"start":{"line":82,"column":10},"end":{"line":89,"column":17}}},"fnMap":{"0":{"name":"(anonymous_0)","decl":{"start":{"line":9,"column":20},"end":{"line":9,"column":21}},"loc":{"start":{"line":9,"column":26},"end":{"line":94,"column":1}},"line":9},"1":{"name":"(anonymous_1)","decl":{"start":{"line":40,"column":22},"end":{"line":40,"column":23}},"loc":{"start":{"line":40,"column":29},"end":{"line":42,"column":13}},"line":40},"2":{"name":"(anonymous_2)","decl":{"start":{"line":46,"column":21},"end":{"line":46,"column":22}},"loc":{"start":{"line":46,"column":27},"end":{"line":51,"column":13}},"line":46},"3":{"name":"(anonymous_3)","decl":{"start":{"line":47,"column":49},"end":{"line":47,"column":50}},"loc":{"start":{"line":48,"column":16},"end":{"line":48,"column":78}},"line":48},"4":{"name":"(anonymous_4)","decl":{"start":{"line":61,"column":22},"end":{"line":61,"column":23}},"loc":{"start":{"line":61,"column":29},"end":{"line":63,"column":13}},"line":61},"5":{"name":"(anonymous_5)","decl":{"start":{"line":69,"column":21},"end":{"line":69,"column":22}},"loc":{"start":{"line":69,"column":27},"end":{"line":74,"column":13}},"line":69},"6":{"name":"(anonymous_6)","decl":{"start":{"line":71,"column":16},"end":{"line":71,"column":17}},"loc":{"start":{"line":71,"column":25},"end":{"line":71,"column":49}},"line":71},"7":{"name":"(anonymous_7)","decl":{"start":{"line":81,"column":32},"end":{"line":81,"column":33}},"loc":{"start":{"line":82,"column":10},"end":{"line":89,"column":17}},"line":82}},"branchMap":{"0":{"loc":{"start":{"line":22,"column":2},"end":{"line":26,"column":3}},"type":"if","locations":[{"start":{"line":22,"column":2},"end":{"line":26,"column":3}},{"start":{},"end":{}}],"line":22},"1":{"loc":{"start":{"line":29,"column":9},"end":{"line":93,"column":3}},"type":"cond-expr","locations":[{"start":{"line":30,"column":4},"end":{"line":30,"column":15}},{"start":{"line":32,"column":4},"end":{"line":92,"column":10}}],"line":29},"2":{"loc":{"start":{"line":84,"column":13},"end":{"line":88,"column":13}},"type":"cond-expr","locations":[{"start":{"line":85,"column":14},"end":{"line":85,"column":61}},{"start":{"line":87,"column":14},"end":{"line":87,"column":49}}],"line":84}},"s":{"0":1,"1":7,"2":7,"3":7,"4":7,"5":7,"6":7,"7":7,"8":0,"9":7,"10":1,"11":1,"12":20,"13":1,"14":0,"15":1,"16":20,"17":1,"18":66},"f":{"0":7,"1":1,"2":1,"3":20,"4":0,"5":1,"6":20,"7":66},"b":{"0":[0,7],"1":[2,5],"2":[30,36]},"_coverageSchema":"1a1c01bbd47fc00a2c39e90264f33305004495a9","hash":"b6c776f997a4315bc256e1e6f55465b611d56a65"}
,"C:\\Users\\ADMIN\\Desktop\\namaste-react\\src\\components\\Cart.js": {"path":"C:\\Users\\ADMIN\\Desktop\\namaste-react\\src\\components\\Cart.js","statementMap":{"0":{"start":{"line":5,"column":13},"end":{"line":33,"column":1}},"1":{"start":{"line":6,"column":20},"end":{"line":6,"column":60}},"2":{"start":{"line":6,"column":43},"end":{"line":6,"column":59}},"3":{"start":{"line":7,"column":2},"end":{"line":7,"column":25}},"4":{"start":{"line":8,"column":19},"end":{"line":8,"column":32}},"5":{"start":{"line":9,"column":26},"end":{"line":11,"column":3}},"6":{"start":{"line":10,"column":4},"end":{"line":10,"column":26}},"7":{"start":{"line":13,"column":2},"end":{"line":32,"column":4}}},"fnMap":{"0":{"name":"(anonymous_0)","decl":{"start":{"line":5,"column":13},"end":{"line":5,"column":14}},"loc":{"start":{"line":5,"column":19},"end":{"line":33,"column":1}},"line":5},"1":{"name":"(anonymous_1)","decl":{"start":{"line":6,"column":32},"end":{"line":6,"column":33}},"loc":{"start":{"line":6,"column":43},"end":{"line":6,"column":59}},"line":6},"2":{"name":"(anonymous_2)","decl":{"start":{"line":9,"column":26},"end":{"line":9,"column":27}},"loc":{"start":{"line":9,"column":32},"end":{"line":11,"column":3}},"line":9}},"branchMap":{"0":{"loc":{"start":{"line":23,"column":9},"end":{"line":28,"column":9}},"type":"binary-expr","locations":[{"start":{"line":23,"column":9},"end":{"line":23,"column":30}},{"start":{"line":24,"column":10},"end":{"line":27,"column":13}}],"line":23}},"s":{"0":1,"1":4,"2":8,"3":4,"4":4,"5":4,"6":1,"7":4},"f":{"0":4,"1":8,"2":1},"b":{"0":[4,2]},"_coverageSchema":"1a1c01bbd47fc00a2c39e90264f33305004495a9","hash":"0833d64f5f6159cf65f9e8e80e2f37516a7f283f"}
,"C:\\Users\\ADMIN\\Desktop\\namaste-react\\src\\components\\Header.js": {"path":"C:\\Users\\ADMIN\\Desktop\\namaste-react\\src\\components\\Header.js","statementMap":{"0":{"start":{"line":8,"column":15},"end":{"line":53,"column":1}},"1":{"start":{"line":9,"column":28},"end":{"line":9,"column":45}},"2":{"start":{"line":10,"column":23},"end":{"line":10,"column":40}},"3":{"start":{"line":13,"column":27},"end":{"line":13,"column":50}},"4":{"start":{"line":17,"column":20},"end":{"line":17,"column":60}},"5":{"start":{"line":17,"column":43},"end":{"line":17,"column":59}},"6":{"start":{"line":20,"column":2},"end":{"line":52,"column":4}},"7":{"start":{"line":43,"column":14},"end":{"line":43,"column":73}}},"fnMap":{"0":{"name":"(anonymous_0)","decl":{"start":{"line":8,"column":15},"end":{"line":8,"column":16}},"loc":{"start":{"line":8,"column":21},"end":{"line":53,"column":1}},"line":8},"1":{"name":"(anonymous_1)","decl":{"start":{"line":17,"column":32},"end":{"line":17,"column":33}},"loc":{"start":{"line":17,"column":43},"end":{"line":17,"column":59}},"line":17},"2":{"name":"(anonymous_2)","decl":{"start":{"line":42,"column":21},"end":{"line":42,"column":22}},"loc":{"start":{"line":42,"column":27},"end":{"line":44,"column":13}},"line":42}},"branchMap":{"0":{"loc":{"start":{"line":27,"column":48},"end":{"line":27,"column":73}},"type":"cond-expr","locations":[{"start":{"line":27,"column":63},"end":{"line":27,"column":66}},{"start":{"line":27,"column":69},"end":{"line":27,"column":73}}],"line":27},"1":{"loc":{"start":{"line":38,"column":58},"end":{"line":38,"column":97}},"type":"cond-expr","locations":[{"start":{"line":38,"column":81},"end":{"line":38,"column":88}},{"start":{"line":38,"column":91},"end":{"line":38,"column":97}}],"line":38},"2":{"loc":{"start":{"line":43,"column":14},"end":{"line":43,"column":72}},"type":"cond-expr","locations":[{"start":{"line":43,"column":34},"end":{"line":43,"column":52}},{"start":{"line":43,"column":55},"end":{"line":43,"column":72}}],"line":43}},"s":{"0":2,"1":9,"2":9,"3":9,"4":9,"5":17,"6":9,"7":1},"f":{"0":9,"1":17,"2":1},"b":{"0":[9,0],"1":[1,8],"2":[1,0]},"_coverageSchema":"1a1c01bbd47fc00a2c39e90264f33305004495a9","hash":"5c0ccb8eef5b50af05171fc2f184a3cd96670fb7"}
,"C:\\Users\\ADMIN\\Desktop\\namaste-react\\src\\components\\MenuItemsList.js": {"path":"C:\\Users\\ADMIN\\Desktop\\namaste-react\\src\\components\\MenuItemsList.js","statementMap":{"0":{"start":{"line":6,"column":21},"end":{"line":63,"column":1}},"1":{"start":{"line":8,"column":19},"end":{"line":8,"column":32}},"2":{"start":{"line":10,"column":24},"end":{"line":13,"column":3}},"3":{"start":{"line":12,"column":4},"end":{"line":12,"column":28}},"4":{"start":{"line":16,"column":2},"end":{"line":62,"column":4}},"5":{"start":{"line":19,"column":8},"end":{"line":59,"column":14}},"6":{"start":{"line":55,"column":27},"end":{"line":55,"column":46}}},"fnMap":{"0":{"name":"(anonymous_0)","decl":{"start":{"line":6,"column":21},"end":{"line":6,"column":22}},"loc":{"start":{"line":6,"column":36},"end":{"line":63,"column":1}},"line":6},"1":{"name":"(anonymous_1)","decl":{"start":{"line":10,"column":24},"end":{"line":10,"column":25}},"loc":{"start":{"line":10,"column":33},"end":{"line":13,"column":3}},"line":10},"2":{"name":"(anonymous_2)","decl":{"start":{"line":18,"column":17},"end":{"line":18,"column":18}},"loc":{"start":{"line":19,"column":8},"end":{"line":59,"column":14}},"line":19},"3":{"name":"(anonymous_3)","decl":{"start":{"line":55,"column":21},"end":{"line":55,"column":22}},"loc":{"start":{"line":55,"column":27},"end":{"line":55,"column":46}},"line":55}},"branchMap":{"0":{"loc":{"start":{"line":29,"column":17},"end":{"line":31,"column":53}},"type":"cond-expr","locations":[{"start":{"line":30,"column":20},"end":{"line":30,"column":46}},{"start":{"line":31,"column":20},"end":{"line":31,"column":53}}],"line":29},"1":{"loc":{"start":{"line":34,"column":15},"end":{"line":39,"column":15}},"type":"binary-expr","locations":[{"start":{"line":34,"column":15},"end":{"line":34,"column":61}},{"start":{"line":35,"column":16},"end":{"line":38,"column":23}}],"line":34},"2":{"loc":{"start":{"line":48,"column":13},"end":{"line":53,"column":13}},"type":"binary-expr","locations":[{"start":{"line":48,"column":13},"end":{"line":48,"column":37}},{"start":{"line":49,"column":14},"end":{"line":52,"column":16}}],"line":48}},"s":{"0":1,"1":9,"2":9,"3":2,"4":9,"5":31,"6":2},"f":{"0":9,"1":2,"2":31,"3":2},"b":{"0":[25,6],"1":[31,19],"2":[31,18]},"_coverageSchema":"1a1c01bbd47fc00a2c39e90264f33305004495a9","hash":"629025f417ba838c9cdde3e2d21a2640c3a53efa"}
,"C:\\Users\\ADMIN\\Desktop\\namaste-react\\src\\components\\RestaurantCards.js": {"path":"C:\\Users\\ADMIN\\Desktop\\namaste-react\\src\\components\\RestaurantCards.js","statementMap":{"0":{"start":{"line":3,"column":24},"end":{"line":25,"column":1}},"1":{"start":{"line":5,"column":22},"end":{"line":5,"column":27}},"2":{"start":{"line":8,"column":4},"end":{"line":8,"column":17}},"3":{"start":{"line":11,"column":2},"end":{"line":24,"column":4}},"4":{"start":{"line":33,"column":37},"end":{"line":42,"column":1}},"5":{"start":{"line":34,"column":2},"end":{"line":41,"column":4}},"6":{"start":{"line":35,"column":6},"end":{"line":40,"column":8}}},"fnMap":{"0":{"name":"(anonymous_0)","decl":{"start":{"line":3,"column":24},"end":{"line":3,"column":25}},"loc":{"start":{"line":3,"column":35},"end":{"line":25,"column":1}},"line":3},"1":{"name":"(anonymous_1)","decl":{"start":{"line":33,"column":37},"end":{"line":33,"column":38}},"loc":{"start":{"line":33,"column":58},"end":{"line":42,"column":1}},"line":33},"2":{"name":"(anonymous_2)","decl":{"start":{"line":34,"column":8},"end":{"line":34,"column":9}},"loc":{"start":{"line":34,"column":18},"end":{"line":41,"column":3}},"line":34}},"branchMap":{},"s":{"0":2,"1":68,"2":68,"3":68,"4":2,"5":8,"6":31},"f":{"0":68,"1":8,"2":31},"b":{},"_coverageSchema":"1a1c01bbd47fc00a2c39e90264f33305004495a9","hash":"5247a04faa2e46b97ae53abf753fd2d69ee4ead9"}
,"C:\\Users\\ADMIN\\Desktop\\namaste-react\\src\\components\\RestaurantMenu.js": {"path":"C:\\Users\\ADMIN\\Desktop\\namaste-react\\src\\components\\RestaurantMenu.js","statementMap":{"0":{"start":{"line":9,"column":23},"end":{"line":62,"column":1}},"1":{"start":{"line":11,"column":20},"end":{"line":11,"column":31}},"2":{"start":{"line":14,"column":22},"end":{"line":14,"column":46}},"3":{"start":{"line":16,"column":35},"end":{"line":16,"column":46}},"4":{"start":{"line":19,"column":26},"end":{"line":25,"column":3}},"5":{"start":{"line":20,"column":4},"end":{"line":24,"column":5}},"6":{"start":{"line":21,"column":6},"end":{"line":21,"column":25}},"7":{"start":{"line":23,"column":6},"end":{"line":23,"column":26}},"8":{"start":{"line":26,"column":2},"end":{"line":26,"column":47}},"9":{"start":{"line":26,"column":28},"end":{"line":26,"column":47}},"10":{"start":{"line":28,"column":29},"end":{"line":28,"column":68}},"11":{"start":{"line":30,"column":4},"end":{"line":31,"column":12}},"12":{"start":{"line":37,"column":4},"end":{"line":41,"column":5}},"13":{"start":{"line":39,"column":8},"end":{"line":40,"column":70}},"14":{"start":{"line":45,"column":2},"end":{"line":61,"column":4}},"15":{"start":{"line":52,"column":8},"end":{"line":58,"column":10}},"16":{"start":{"line":57,"column":30},"end":{"line":57,"column":53}}},"fnMap":{"0":{"name":"(anonymous_0)","decl":{"start":{"line":9,"column":23},"end":{"line":9,"column":24}},"loc":{"start":{"line":9,"column":29},"end":{"line":62,"column":1}},"line":9},"1":{"name":"(anonymous_1)","decl":{"start":{"line":19,"column":26},"end":{"line":19,"column":27}},"loc":{"start":{"line":19,"column":37},"end":{"line":25,"column":3}},"line":19},"2":{"name":"(anonymous_2)","decl":{"start":{"line":38,"column":6},"end":{"line":38,"column":7}},"loc":{"start":{"line":39,"column":8},"end":{"line":40,"column":70}},"line":39},"3":{"name":"(anonymous_3)","decl":{"start":{"line":50,"column":22},"end":{"line":50,"column":23}},"loc":{"start":{"line":52,"column":8},"end":{"line":58,"column":10}},"line":52},"4":{"name":"(anonymous_4)","decl":{"start":{"line":57,"column":24},"end":{"line":57,"column":25}},"loc":{"start":{"line":57,"column":30},"end":{"line":57,"column":53}},"line":57}},"branchMap":{"0":{"loc":{"start":{"line":20,"column":4},"end":{"line":24,"column":5}},"type":"if","locations":[{"start":{"line":20,"column":4},"end":{"line":24,"column":5}},{"start":{"line":22,"column":11},"end":{"line":24,"column":5}}],"line":20},"1":{"loc":{"start":{"line":26,"column":2},"end":{"line":26,"column":47}},"type":"if","locations":[{"start":{"line":26,"column":2},"end":{"line":26,"column":47}},{"start":{},"end":{}}],"line":26},"2":{"loc":{"start":{"line":56,"column":21},"end":{"line":56,"column":54}},"type":"cond-expr","locations":[{"start":{"line":56,"column":42},"end":{"line":56,"column":46}},{"start":{"line":56,"column":49},"end":{"line":56,"column":54}}],"line":56}},"s":{"0":1,"1":8,"2":8,"3":8,"4":8,"5":2,"6":0,"7":2,"8":8,"9":3,"10":5,"11":5,"12":5,"13":65,"14":5,"15":35,"16":2},"f":{"0":8,"1":2,"2":65,"3":35,"4":2},"b":{"0":[0,2],"1":[3,5],"2":[5,30]},"_coverageSchema":"1a1c01bbd47fc00a2c39e90264f33305004495a9","hash":"cf525296ac34c82b4124715ccb1f271835c48706"}
}
