{"C:\\Users\\ADMIN\\Desktop\\namaste-react\\src\\Redux\\appStore.js": {"path":"C:\\Users\\ADMIN\\Desktop\\namaste-react\\src\\Redux\\appStore.js","statementMap":{"0":{"start":{"line":4,"column":17},"end":{"line":8,"column":2}}},"fnMap":{},"branchMap":{},"s":{"0":1},"f":{},"b":{},"_coverageSchema":"1a1c01bbd47fc00a2c39e90264f33305004495a9","hash":"7a7ea3f534da0ccc3cebc5a8beb48652e52583be"}
,"C:\\Users\\ADMIN\\Desktop\\namaste-react\\src\\Redux\\cartSlice.js": {"path":"C:\\Users\\ADMIN\\Desktop\\namaste-react\\src\\Redux\\cartSlice.js","statementMap":{"0":{"start":{"line":3,"column":18},"end":{"line":21,"column":2}},"1":{"start":{"line":12,"column":12},"end":{"line":12,"column":45}},"2":{"start":{"line":15,"column":12},"end":{"line":15,"column":30}},"3":{"start":{"line":18,"column":12},"end":{"line":18,"column":35}},"4":{"start":{"line":23,"column":48},"end":{"line":23,"column":65}}},"fnMap":{"0":{"name":"(anonymous_0)","decl":{"start":{"line":9,"column":17},"end":{"line":9,"column":18}},"loc":{"start":{"line":9,"column":36},"end":{"line":13,"column":9}},"line":9},"1":{"name":"(anonymous_1)","decl":{"start":{"line":14,"column":20},"end":{"line":14,"column":21}},"loc":{"start":{"line":14,"column":31},"end":{"line":16,"column":9}},"line":14},"2":{"name":"(anonymous_2)","decl":{"start":{"line":17,"column":19},"end":{"line":17,"column":20}},"loc":{"start":{"line":17,"column":30},"end":{"line":19,"column":9}},"line":17}},"branchMap":{},"s":{"0":1,"1":0,"2":0,"3":0,"4":1},"f":{"0":0,"1":0,"2":0},"b":{},"_coverageSchema":"1a1c01bbd47fc00a2c39e90264f33305004495a9","hash":"ffaee960d05140d37d9a995f5f8bdbbe8a8a702c"}
,"C:\\Users\\ADMIN\\Desktop\\namaste-react\\src\\components\\Contact.js": {"path":"C:\\Users\\ADMIN\\Desktop\\namaste-react\\src\\components\\Contact.js","statementMap":{"0":{"start":{"line":1,"column":16},"end":{"line":12,"column":1}},"1":{"start":{"line":2,"column":4},"end":{"line":11,"column":6}}},"fnMap":{"0":{"name":"(anonymous_0)","decl":{"start":{"line":1,"column":16},"end":{"line":1,"column":17}},"loc":{"start":{"line":1,"column":21},"end":{"line":12,"column":1}},"line":1}},"branchMap":{},"s":{"0":1,"1":3},"f":{"0":3},"b":{},"_coverageSchema":"1a1c01bbd47fc00a2c39e90264f33305004495a9","hash":"664ee1186ca9910dffa0bca4605e8ff10a3579ad"}
,"C:\\Users\\ADMIN\\Desktop\\namaste-react\\src\\components\\Header.js": {"path":"C:\\Users\\ADMIN\\Desktop\\namaste-react\\src\\components\\Header.js","statementMap":{"0":{"start":{"line":8,"column":15},"end":{"line":53,"column":1}},"1":{"start":{"line":9,"column":28},"end":{"line":9,"column":45}},"2":{"start":{"line":10,"column":23},"end":{"line":10,"column":40}},"3":{"start":{"line":13,"column":27},"end":{"line":13,"column":50}},"4":{"start":{"line":17,"column":20},"end":{"line":17,"column":60}},"5":{"start":{"line":17,"column":43},"end":{"line":17,"column":59}},"6":{"start":{"line":20,"column":2},"end":{"line":52,"column":4}},"7":{"start":{"line":43,"column":14},"end":{"line":43,"column":73}}},"fnMap":{"0":{"name":"(anonymous_0)","decl":{"start":{"line":8,"column":15},"end":{"line":8,"column":16}},"loc":{"start":{"line":8,"column":21},"end":{"line":53,"column":1}},"line":8},"1":{"name":"(anonymous_1)","decl":{"start":{"line":17,"column":32},"end":{"line":17,"column":33}},"loc":{"start":{"line":17,"column":43},"end":{"line":17,"column":59}},"line":17},"2":{"name":"(anonymous_2)","decl":{"start":{"line":42,"column":21},"end":{"line":42,"column":22}},"loc":{"start":{"line":42,"column":27},"end":{"line":44,"column":13}},"line":42}},"branchMap":{"0":{"loc":{"start":{"line":27,"column":48},"end":{"line":27,"column":73}},"type":"cond-expr","locations":[{"start":{"line":27,"column":63},"end":{"line":27,"column":66}},{"start":{"line":27,"column":69},"end":{"line":27,"column":73}}],"line":27},"1":{"loc":{"start":{"line":43,"column":14},"end":{"line":43,"column":72}},"type":"cond-expr","locations":[{"start":{"line":43,"column":34},"end":{"line":43,"column":52}},{"start":{"line":43,"column":55},"end":{"line":43,"column":72}}],"line":43}},"s":{"0":1,"1":5,"2":5,"3":5,"4":5,"5":9,"6":5,"7":1},"f":{"0":5,"1":9,"2":1},"b":{"0":[5,0],"1":[1,0]},"_coverageSchema":"1a1c01bbd47fc00a2c39e90264f33305004495a9","hash":"7bb1a7f20e527f7c12fedb94993cc749c8659a4a"}
,"C:\\Users\\ADMIN\\Desktop\\namaste-react\\src\\components\\sum.js": {"path":"C:\\Users\\ADMIN\\Desktop\\namaste-react\\src\\components\\sum.js","statementMap":{"0":{"start":{"line":1,"column":19},"end":{"line":3,"column":1}},"1":{"start":{"line":2,"column":4},"end":{"line":2,"column":17}}},"fnMap":{"0":{"name":"(anonymous_0)","decl":{"start":{"line":1,"column":19},"end":{"line":1,"column":20}},"loc":{"start":{"line":1,"column":28},"end":{"line":3,"column":1}},"line":1}},"branchMap":{},"s":{"0":1,"1":1},"f":{"0":1},"b":{},"_coverageSchema":"1a1c01bbd47fc00a2c39e90264f33305004495a9","hash":"d7017b103c3a6389ca47b16afc6cc17f43dff0cf"}
,"C:\\Users\\ADMIN\\Desktop\\namaste-react\\src\\utils\\UserContext.js": {"path":"C:\\Users\\ADMIN\\Desktop\\namaste-react\\src\\utils\\UserContext.js","statementMap":{"0":{"start":{"line":3,"column":20},"end":{"line":5,"column":2}}},"fnMap":{},"branchMap":{},"s":{"0":1},"f":{},"b":{},"_coverageSchema":"1a1c01bbd47fc00a2c39e90264f33305004495a9","hash":"c339c7037f2c9afe6603262612869437445efdad"}
,"C:\\Users\\ADMIN\\Desktop\\namaste-react\\src\\utils\\constants.js": {"path":"C:\\Users\\ADMIN\\Desktop\\namaste-react\\src\\utils\\constants.js","statementMap":{"0":{"start":{"line":3,"column":23},"end":{"line":3,"column":105}},"1":{"start":{"line":5,"column":22},"end":{"line":5,"column":105}},"2":{"start":{"line":7,"column":35},"end":{"line":7,"column":172}},"3":{"start":{"line":9,"column":23},"end":{"line":9,"column":146}},"4":{"start":{"line":11,"column":28},"end":{"line":11,"column":123}}},"fnMap":{},"branchMap":{},"s":{"0":1,"1":1,"2":1,"3":1,"4":1},"f":{},"b":{},"_coverageSchema":"1a1c01bbd47fc00a2c39e90264f33305004495a9","hash":"bce5365629c6f58ec8782c87711a7c702ac8bfd1"}
,"C:\\Users\\ADMIN\\Desktop\\namaste-react\\src\\utils\\useOnlineStatus.js": {"path":"C:\\Users\\ADMIN\\Desktop\\namaste-react\\src\\utils\\useOnlineStatus.js","statementMap":{"0":{"start":{"line":3,"column":24},"end":{"line":19,"column":1}},"1":{"start":{"line":5,"column":43},"end":{"line":5,"column":57}},"2":{"start":{"line":7,"column":4},"end":{"line":15,"column":10}},"3":{"start":{"line":8,"column":8},"end":{"line":10,"column":10}},"4":{"start":{"line":9,"column":12},"end":{"line":9,"column":34}},"5":{"start":{"line":12,"column":8},"end":{"line":14,"column":10}},"6":{"start":{"line":13,"column":12},"end":{"line":13,"column":35}},"7":{"start":{"line":18,"column":4},"end":{"line":18,"column":24}}},"fnMap":{"0":{"name":"(anonymous_0)","decl":{"start":{"line":3,"column":24},"end":{"line":3,"column":25}},"loc":{"start":{"line":3,"column":30},"end":{"line":19,"column":1}},"line":3},"1":{"name":"(anonymous_1)","decl":{"start":{"line":7,"column":14},"end":{"line":7,"column":15}},"loc":{"start":{"line":7,"column":18},"end":{"line":15,"column":5}},"line":7},"2":{"name":"(anonymous_2)","decl":{"start":{"line":8,"column":41},"end":{"line":8,"column":42}},"loc":{"start":{"line":8,"column":45},"end":{"line":10,"column":9}},"line":8},"3":{"name":"(anonymous_3)","decl":{"start":{"line":12,"column":42},"end":{"line":12,"column":43}},"loc":{"start":{"line":12,"column":46},"end":{"line":14,"column":9}},"line":12}},"branchMap":{},"s":{"0":1,"1":5,"2":5,"3":4,"4":0,"5":4,"6":0,"7":5},"f":{"0":5,"1":4,"2":0,"3":0},"b":{},"_coverageSchema":"1a1c01bbd47fc00a2c39e90264f33305004495a9","hash":"62210ddba7d7b2b613c05b7c442bd49ba1030928"}
}
