TN:
SF:src\Redux\appStore.js
FNF:0
FNH:0
DA:4,2
LF:1
LH:1
BRF:0
BRH:0
end_of_record
TN:
SF:src\components\Body.js
FN:9,(anonymous_0)
FN:40,(anonymous_1)
FN:46,(anonymous_2)
FN:47,(anonymous_3)
FN:61,(anonymous_4)
FN:69,(anonymous_5)
FN:71,(anonymous_6)
FN:81,(anonymous_7)
FNF:8
FNH:7
FNDA:7,(anonymous_0)
FNDA:1,(anonymous_1)
FNDA:1,(anonymous_2)
FNDA:20,(anonymous_3)
FNDA:0,(anonymous_4)
FNDA:1,(anonymous_5)
FNDA:20,(anonymous_6)
FNDA:66,(anonymous_7)
DA:9,1
DA:11,7
DA:12,7
DA:13,7
DA:15,7
DA:17,7
DA:20,7
DA:22,7
DA:23,0
DA:29,7
DA:41,1
DA:47,1
DA:48,20
DA:50,1
DA:62,0
DA:70,1
DA:71,20
DA:73,1
DA:82,66
LF:19
LH:17
BRDA:22,0,0,0
BRDA:22,0,1,7
BRDA:29,1,0,2
BRDA:29,1,1,5
BRDA:84,2,0,30
BRDA:84,2,1,36
BRF:6
BRH:5
end_of_record
TN:
SF:src\components\Cart.js
FN:5,(anonymous_0)
FN:6,(anonymous_1)
FN:9,(anonymous_2)
FNF:3
FNH:3
FNDA:4,(anonymous_0)
FNDA:8,(anonymous_1)
FNDA:1,(anonymous_2)
DA:5,1
DA:6,8
DA:7,4
DA:8,4
DA:9,4
DA:10,1
DA:13,4
LF:7
LH:7
BRDA:23,0,0,4
BRDA:23,0,1,2
BRF:2
BRH:2
end_of_record
TN:
SF:src\components\Header.js
FN:8,(anonymous_0)
FN:17,(anonymous_1)
FN:42,(anonymous_2)
FNF:3
FNH:3
FNDA:9,(anonymous_0)
FNDA:17,(anonymous_1)
FNDA:1,(anonymous_2)
DA:8,2
DA:9,9
DA:10,9
DA:13,9
DA:17,17
DA:20,9
DA:43,1
LF:7
LH:7
BRDA:27,0,0,9
BRDA:27,0,1,0
BRDA:38,1,0,1
BRDA:38,1,1,8
BRDA:43,2,0,1
BRDA:43,2,1,0
BRF:6
BRH:4
end_of_record
TN:
SF:src\components\MenuItemsList.js
FN:6,(anonymous_0)
FN:10,(anonymous_1)
FN:18,(anonymous_2)
FN:55,(anonymous_3)
FNF:4
FNH:4
FNDA:9,(anonymous_0)
FNDA:2,(anonymous_1)
FNDA:31,(anonymous_2)
FNDA:2,(anonymous_3)
DA:6,1
DA:8,9
DA:10,9
DA:12,2
DA:16,9
DA:19,31
DA:55,2
LF:7
LH:7
BRDA:29,0,0,25
BRDA:29,0,1,6
BRDA:34,1,0,31
BRDA:34,1,1,19
BRDA:48,2,0,31
BRDA:48,2,1,18
BRF:6
BRH:6
end_of_record
TN:
SF:src\components\RestaurantCards.js
FN:3,(anonymous_0)
FN:33,(anonymous_1)
FN:34,(anonymous_2)
FNF:3
FNH:3
FNDA:68,(anonymous_0)
FNDA:8,(anonymous_1)
FNDA:31,(anonymous_2)
DA:3,2
DA:5,68
DA:8,68
DA:11,68
DA:33,2
DA:34,8
DA:35,31
LF:7
LH:7
BRF:0
BRH:0
end_of_record
TN:
SF:src\components\RestaurantMenu.js
FN:9,(anonymous_0)
FN:19,(anonymous_1)
FN:38,(anonymous_2)
FN:50,(anonymous_3)
FN:57,(anonymous_4)
FNF:5
FNH:5
FNDA:8,(anonymous_0)
FNDA:2,(anonymous_1)
FNDA:65,(anonymous_2)
FNDA:35,(anonymous_3)
FNDA:2,(anonymous_4)
DA:9,1
DA:11,8
DA:14,8
DA:16,8
DA:19,8
DA:20,2
DA:21,0
DA:23,2
DA:26,8
DA:28,5
DA:30,5
DA:37,5
DA:39,65
DA:45,5
DA:52,35
DA:57,2
LF:16
LH:15
BRDA:20,0,0,0
BRDA:20,0,1,2
BRDA:26,1,0,3
BRDA:26,1,1,5
BRDA:56,2,0,5
BRDA:56,2,1,30
BRF:6
BRH:5
end_of_record
